<?xml version="1.0" encoding="UTF-8"?>
<!-- Generated by org.testng.reporters.JUnitReportReporter -->
<testsuite hostname="SILICUS524" failures="0" tests="1" name="demoMavenProject2.NavigationBar" time="32.272" errors="0" timestamp="2020-05-20T18:59:09 IST" skipped="0">
  <testcase classname="demoMavenProject2.NavigationBar" name="Test2_unOrderedListnav" time="32.272"/>
  <system-out/>
</testsuite> <!-- demoMavenProject2.NavigationBar -->
